
info: Feb-04-2022 15:13:44: 	[04/Feb/2022:14:13:44 +0000] 'POST /api/artifact/dsl HTTP/1.1' 404 156 '- PostmanRuntime/7.26.8' - 2.994 ms

info: Feb-04-2022 15:13:57: 	[04/Feb/2022:14:13:57 +0000] 'POST /store/artifact/dsl HTTP/1.1' 500 105 '- PostmanRuntime/7.26.8' - 21.523 ms

info: Feb-10-2022 16:42:51: 	Listening on port 3200...
info: Feb-10-2022 16:42:51: 	Connected to database --> mdeforge ...
info: Feb-10-2022 16:53:25: 	Listening on port 3200...
info: Feb-10-2022 16:53:25: 	Connected to database --> mdeforge ...
info: Feb-10-2022 16:55:48: 	[10/Feb/2022:16:55:48 +0000] 'GET /store/api-docs/ HTTP/1.1' 304 - '- Mozilla/5.0 (X11; Linux x86_64) AppleWebKit/537.36 (KHTML, like Gecko) Chrome/98.0.4758.80 Safari/537.36' - 27.802 ms

info: Feb-10-2022 16:55:48: 	[10/Feb/2022:16:55:48 +0000] 'GET /store/api-docs/swagger-ui-init.js HTTP/1.1' 200 59863 '- Mozilla/5.0 (X11; Linux x86_64) AppleWebKit/537.36 (KHTML, like Gecko) Chrome/98.0.4758.80 Safari/537.36' - 4.108 ms

info: Feb-10-2022 16:55:48: 	[10/Feb/2022:16:55:48 +0000] 'GET /store/api-docs/swagger-ui.css HTTP/1.1' 200 143858 '- Mozilla/5.0 (X11; Linux x86_64) AppleWebKit/537.36 (KHTML, like Gecko) Chrome/98.0.4758.80 Safari/537.36' - 19.044 ms

info: Feb-10-2022 16:55:48: 	[10/Feb/2022:16:55:48 +0000] 'GET /store/api-docs/swagger-ui-standalone-preset.js HTTP/1.1' 200 324275 '- Mozilla/5.0 (X11; Linux x86_64) AppleWebKit/537.36 (KHTML, like Gecko) Chrome/98.0.4758.80 Safari/537.36' - 21.136 ms

info: Feb-10-2022 16:55:48: 	[10/Feb/2022:16:55:48 +0000] 'GET /store/api-docs/swagger-ui-bundle.js HTTP/1.1' 200 1086481 '- Mozilla/5.0 (X11; Linux x86_64) AppleWebKit/537.36 (KHTML, like Gecko) Chrome/98.0.4758.80 Safari/537.36' - 19.105 ms

info: Feb-10-2022 17:01:57: 	Listening on port 3200...
info: Feb-10-2022 17:01:57: 	Connected to database --> mdeforge ...
info: Feb-10-2022 17:05:19: 	Listening on port 3200...
error: Feb-10-2022 17:05:29: 	We got an unhandled rejection
info: Feb-10-2022 17:07:33: 	Listening on port 3200...
error: Feb-10-2022 17:07:43: 	We got an unhandled rejection
info: Feb-10-2022 17:09:47: 	Listening on port 3200...
error: Feb-10-2022 17:09:57: 	We got an unhandled rejection
info: Feb-10-2022 17:12:01: 	Listening on port 3200...
info: Feb-10-2022 17:12:05: 	[10/Feb/2022:17:12:05 +0000] 'GET /store/api-docs/ HTTP/1.1' 304 - '- Mozilla/5.0 (X11; Linux x86_64) AppleWebKit/537.36 (KHTML, like Gecko) Chrome/98.0.4758.80 Safari/537.36' - 21.868 ms

info: Feb-10-2022 17:12:05: 	[10/Feb/2022:17:12:05 +0000] 'GET /store/api-docs/swagger-ui.css HTTP/1.1' 304 - '- Mozilla/5.0 (X11; Linux x86_64) AppleWebKit/537.36 (KHTML, like Gecko) Chrome/98.0.4758.80 Safari/537.36' - 3.166 ms

info: Feb-10-2022 17:12:05: 	[10/Feb/2022:17:12:05 +0000] 'GET /store/api-docs/swagger-ui-bundle.js HTTP/1.1' 304 - '- Mozilla/5.0 (X11; Linux x86_64) AppleWebKit/537.36 (KHTML, like Gecko) Chrome/98.0.4758.80 Safari/537.36' - 3.041 ms

info: Feb-10-2022 17:12:05: 	[10/Feb/2022:17:12:05 +0000] 'GET /store/api-docs/swagger-ui-standalone-preset.js HTTP/1.1' 304 - '- Mozilla/5.0 (X11; Linux x86_64) AppleWebKit/537.36 (KHTML, like Gecko) Chrome/98.0.4758.80 Safari/537.36' - 4.191 ms

info: Feb-10-2022 17:12:05: 	[10/Feb/2022:17:12:05 +0000] 'GET /store/api-docs/swagger-ui-init.js HTTP/1.1' 304 - '- Mozilla/5.0 (X11; Linux x86_64) AppleWebKit/537.36 (KHTML, like Gecko) Chrome/98.0.4758.80 Safari/537.36' - 1.289 ms

info: Feb-10-2022 17:12:06: 	[10/Feb/2022:17:12:06 +0000] 'GET /store/api-docs/favicon-32x32.png HTTP/1.1' 304 - '- Mozilla/5.0 (X11; Linux x86_64) AppleWebKit/537.36 (KHTML, like Gecko) Chrome/98.0.4758.80 Safari/537.36' - 1.270 ms

error: Feb-10-2022 17:12:11: 	We got an unhandled rejection
info: Feb-10-2022 18:25:28: 	Listening on port 3200...
info: Feb-10-2022 18:25:28: 	Connected to database --> mdeforge ...
info: Feb-10-2022 17:32:10: 	Listening on port 3200...
error: Feb-10-2022 17:32:20: 	We got an unhandled rejection
info: Feb-10-2022 17:34:23: 	Listening on port 3200...
error: Feb-10-2022 17:34:33: 	We got an unhandled rejection
info: Feb-10-2022 17:36:36: 	Listening on port 3200...
error: Feb-10-2022 17:36:46: 	We got an unhandled rejection
info: Feb-10-2022 17:40:51: 	Listening on port 3200...
error: Feb-10-2022 17:41:01: 	We got an unhandled rejection
info: Feb-10-2022 17:43:04: 	Listening on port 3200...
error: Feb-10-2022 17:43:14: 	We got an unhandled rejection
info: Feb-10-2022 17:45:17: 	Listening on port 3200...
error: Feb-10-2022 17:45:27: 	We got an unhandled rejection
info: Feb-10-2022 17:45:36: 	Listening on port 3200...
error: Feb-10-2022 17:45:46: 	We got an unhandled rejection
info: Feb-10-2022 17:45:55: 	Listening on port 3200...
error: Feb-10-2022 17:46:05: 	We got an unhandled rejection
info: Feb-11-2022 09:59:20: 	Listening on port 3200...
error: Feb-11-2022 09:59:30: 	We got an unhandled rejection
info: Feb-11-2022 10:05:33: 	Listening on port 3200...
error: Feb-11-2022 10:05:43: 	We got an unhandled rejection
info: Feb-11-2022 10:08:46: 	Listening on port 3200...
error: Feb-11-2022 10:08:56: 	We got an unhandled rejection
info: Feb-11-2022 10:12:00: 	Listening on port 3200...
error: Feb-11-2022 10:12:10: 	We got an unhandled rejection
info: Feb-11-2022 10:15:13: 	Listening on port 3200...
error: Feb-11-2022 10:15:23: 	We got an unhandled rejection
info: Feb-11-2022 10:18:26: 	Listening on port 3200...
error: Feb-11-2022 10:18:36: 	We got an unhandled rejection
